{
  "RSpec": {
    "coverage": {
      "/media/sf_Data/Makers/environment/Projects/makers-bnb/spec/booking_spec.rb": {
        "lines": [

        ]
      },
      "/media/sf_Data/Makers/environment/Projects/makers-bnb/spec/user_spec.rb": {
        "lines": [
          1,
          1,
          null,
          1,
          null,
          1,
          1,
          1,
          1,
          1,
          null,
          null,
          null,
          1,
          1,
          1,
          null,
          1,
          1,
          null,
          1,
          1,
          1,
          1,
          1,
          1,
          1,
          1,
          1,
          1,
          1,
          1,
          null,
          null,
          null,
          1,
          1,
          1,
          null,
          1,
          1,
          null,
          1,
          1,
          1,
          1,
          1,
          1,
          1,
          1,
          1,
          1,
          1,
          1,
          null,
          null,
          null,
          null
        ]
      },
      "/media/sf_Data/Makers/environment/Projects/makers-bnb/lib/user.rb": {
        "lines": [
          1,
          1,
          null,
          1,
          null,
          1,
          null,
          1,
          5,
          5,
          5,
          5,
          5,
          null,
          null,
          null,
          1,
          4,
          3,
          3,
          3,
          null,
          null,
          1,
          1,
          1,
          1,
          null,
          null,
          1,
          1,
          1,
          null,
          null,
          1,
          0,
          null,
          null,
          1,
          null,
          1,
          4,
          null,
          null,
          null
        ]
      },
      "/media/sf_Data/Makers/environment/Projects/makers-bnb/spec/database_helpers.rb": {
        "lines": [
          1,
          null,
          1,
          2,
          2,
          2,
          null
        ]
      }
    },
    "timestamp": 1634641671
  }
}
